Starting deployment pipeline for v2.4.2
Fetching latest changes from origin/main
Building Docker image logdive:v2.4.2 for linux/amd64
Build step 1/9: FROM rust:1.85-slim AS builder
Build step 2/9: WORKDIR /app
Build step 3/9: COPY Cargo.toml Cargo.lock ./
Build step 4/9: RUN cargo fetch
Build step 5/9: COPY src ./src
Build step 6/9: RUN cargo build --release
Build step 7/9: FROM gcr.io/distroless/cc-debian12:nonroot
Build step 8/9: COPY --from=builder /app/target/release/logdive-api /usr/local/bin/
Build step 9/9: HEALTHCHECK CMD ["/usr/local/bin/logdive-api", "--health-check"]
Docker image built successfully in 3m 42s
Pushing image to ghcr.io/aryagorjipour/logdive:v2.4.2
Push complete: digest sha256:a3f9b2c1d4e5f6a7b8c9d0e1f2a3b4c5
Running pre-deployment checks
Health check passed on staging environment
Database migration check: no pending migrations
Running smoke tests against staging
All 8 smoke tests passed
Scaling down old deployment: logdive-api-v2.4.1 (3 replicas)
Deploying logdive-api-v2.4.2 (3 replicas)
Waiting for rollout to complete...
Replica 1/3 ready
Replica 2/3 ready
Replica 3/3 ready
Rollout complete
Running post-deployment health checks
GET /version returned 200 OK: {"version":"2.4.2"}
GET /stats returned 200 OK
Deployment successful: logdive-api v2.4.1 -> v2.4.2
Old deployment logdive-api-v2.4.1 scaled to 0 and removed
Deployment pipeline finished in 7m 18s
